(0.001) SELECT "api_upload"."id", "api_upload"."user_id", "api_upload"."video", "api_upload"."processed_video", "api_upload"."status", "api_upload"."uploaded_at", "api_upload"."processed_at", "api_upload"."error_message", "api_upload"."payment_id", "api_upload"."paid" FROM "api_upload" WHERE "api_upload"."id" = 167 LIMIT 21; args=(167,); alias=default
(0.002) UPDATE "api_upload" SET "user_id" = 1, "video" = 'uploads/Oneofmyfav_Xq43U1m.mp4', "processed_video" = 'processed/Oneofmyfav_Xq43U1m/Oneofmyfav_Xq43U1m.mp4', "status" = 'done', "uploaded_at" = '2024-09-09 21:37:11.818307+00:00'::timestamptz, "processed_at" = '2024-09-09 21:37:12.198558+00:00'::timestamptz, "error_message" = NULL, "payment_id" = NULL, "paid" = true WHERE "api_upload"."id" = 167; args=(1, 'uploads/Oneofmyfav_Xq43U1m.mp4', 'processed/Oneofmyfav_Xq43U1m/Oneofmyfav_Xq43U1m.mp4', 'done', datetime.datetime(2024, 9, 9, 21, 37, 11, 818307, tzinfo=datetime.timezone.utc), datetime.datetime(2024, 9, 9, 21, 37, 12, 198558, tzinfo=datetime.timezone.utc), True, 167); alias=default
(0.001) SELECT "api_upload"."id", "api_upload"."user_id", "api_upload"."video", "api_upload"."processed_video", "api_upload"."status", "api_upload"."uploaded_at", "api_upload"."processed_at", "api_upload"."error_message", "api_upload"."payment_id", "api_upload"."paid" FROM "api_upload" WHERE "api_upload"."id" = 168 LIMIT 21; args=(168,); alias=default
(0.002) UPDATE "api_upload" SET "user_id" = 1, "video" = 'uploads/Oneofmyfav_4cMIOXQ.mp4', "processed_video" = 'processed/Oneofmyfav_4cMIOXQ/Oneofmyfav_4cMIOXQ.mp4', "status" = 'done', "uploaded_at" = '2024-09-09 21:39:05.990263+00:00'::timestamptz, "processed_at" = '2024-09-09 21:39:06.382986+00:00'::timestamptz, "error_message" = NULL, "payment_id" = NULL, "paid" = true WHERE "api_upload"."id" = 168; args=(1, 'uploads/Oneofmyfav_4cMIOXQ.mp4', 'processed/Oneofmyfav_4cMIOXQ/Oneofmyfav_4cMIOXQ.mp4', 'done', datetime.datetime(2024, 9, 9, 21, 39, 5, 990263, tzinfo=datetime.timezone.utc), datetime.datetime(2024, 9, 9, 21, 39, 6, 382986, tzinfo=datetime.timezone.utc), True, 168); alias=default
(0.001) SELECT "api_upload"."id", "api_upload"."user_id", "api_upload"."video", "api_upload"."processed_video", "api_upload"."status", "api_upload"."uploaded_at", "api_upload"."processed_at", "api_upload"."error_message", "api_upload"."payment_id", "api_upload"."paid" FROM "api_upload" WHERE "api_upload"."id" = 169 LIMIT 21; args=(169,); alias=default
(0.002) UPDATE "api_upload" SET "user_id" = 1, "video" = 'uploads/Oneofmyfav_SPwFKyL.mp4', "processed_video" = 'processed/Oneofmyfav_SPwFKyL/Oneofmyfav_SPwFKyL.mp4', "status" = 'done', "uploaded_at" = '2024-09-09 21:39:57.534037+00:00'::timestamptz, "processed_at" = '2024-09-09 21:39:57.925918+00:00'::timestamptz, "error_message" = NULL, "payment_id" = NULL, "paid" = true WHERE "api_upload"."id" = 169; args=(1, 'uploads/Oneofmyfav_SPwFKyL.mp4', 'processed/Oneofmyfav_SPwFKyL/Oneofmyfav_SPwFKyL.mp4', 'done', datetime.datetime(2024, 9, 9, 21, 39, 57, 534037, tzinfo=datetime.timezone.utc), datetime.datetime(2024, 9, 9, 21, 39, 57, 925918, tzinfo=datetime.timezone.utc), True, 169); alias=default
(0.001) SELECT "api_upload"."id", "api_upload"."user_id", "api_upload"."video", "api_upload"."processed_video", "api_upload"."status", "api_upload"."uploaded_at", "api_upload"."processed_at", "api_upload"."error_message", "api_upload"."payment_id", "api_upload"."paid" FROM "api_upload" WHERE "api_upload"."id" = 170 LIMIT 21; args=(170,); alias=default
(0.002) UPDATE "api_upload" SET "user_id" = 1, "video" = 'uploads/Oneofmyfav_ZX5dVUg.mp4', "processed_video" = 'processed/Oneofmyfav_ZX5dVUg/Oneofmyfav_ZX5dVUg.mp4', "status" = 'done', "uploaded_at" = '2024-09-09 21:41:07.590148+00:00'::timestamptz, "processed_at" = '2024-09-09 21:41:07.974987+00:00'::timestamptz, "error_message" = NULL, "payment_id" = NULL, "paid" = true WHERE "api_upload"."id" = 170; args=(1, 'uploads/Oneofmyfav_ZX5dVUg.mp4', 'processed/Oneofmyfav_ZX5dVUg/Oneofmyfav_ZX5dVUg.mp4', 'done', datetime.datetime(2024, 9, 9, 21, 41, 7, 590148, tzinfo=datetime.timezone.utc), datetime.datetime(2024, 9, 9, 21, 41, 7, 974987, tzinfo=datetime.timezone.utc), True, 170); alias=default
(0.001) SELECT "api_upload"."id", "api_upload"."user_id", "api_upload"."video", "api_upload"."processed_video", "api_upload"."status", "api_upload"."uploaded_at", "api_upload"."processed_at", "api_upload"."error_message", "api_upload"."payment_id", "api_upload"."paid" FROM "api_upload" WHERE "api_upload"."id" = 171 LIMIT 21; args=(171,); alias=default
(0.002) UPDATE "api_upload" SET "user_id" = 1, "video" = 'uploads/Oneofmyfav_kGb3pKI.mp4', "processed_video" = 'processed/Oneofmyfav_kGb3pKI/Oneofmyfav_kGb3pKI.mp4', "status" = 'done', "uploaded_at" = '2024-09-09 21:44:08.696604+00:00'::timestamptz, "processed_at" = '2024-09-09 21:44:09.088073+00:00'::timestamptz, "error_message" = NULL, "payment_id" = NULL, "paid" = true WHERE "api_upload"."id" = 171; args=(1, 'uploads/Oneofmyfav_kGb3pKI.mp4', 'processed/Oneofmyfav_kGb3pKI/Oneofmyfav_kGb3pKI.mp4', 'done', datetime.datetime(2024, 9, 9, 21, 44, 8, 696604, tzinfo=datetime.timezone.utc), datetime.datetime(2024, 9, 9, 21, 44, 9, 88073, tzinfo=datetime.timezone.utc), True, 171); alias=default
(0.001) SELECT "api_upload"."id", "api_upload"."user_id", "api_upload"."video", "api_upload"."processed_video", "api_upload"."status", "api_upload"."uploaded_at", "api_upload"."processed_at", "api_upload"."error_message", "api_upload"."payment_id", "api_upload"."paid" FROM "api_upload" WHERE "api_upload"."id" = 172 LIMIT 21; args=(172,); alias=default
(0.002) UPDATE "api_upload" SET "user_id" = 1, "video" = 'uploads/Oneofmyfav_OqG8Z5F.mp4', "processed_video" = 'processed/Oneofmyfav_OqG8Z5F/Oneofmyfav_OqG8Z5F.mp4', "status" = 'done', "uploaded_at" = '2024-09-09 21:44:37.713406+00:00'::timestamptz, "processed_at" = '2024-09-09 21:44:38.106057+00:00'::timestamptz, "error_message" = NULL, "payment_id" = NULL, "paid" = true WHERE "api_upload"."id" = 172; args=(1, 'uploads/Oneofmyfav_OqG8Z5F.mp4', 'processed/Oneofmyfav_OqG8Z5F/Oneofmyfav_OqG8Z5F.mp4', 'done', datetime.datetime(2024, 9, 9, 21, 44, 37, 713406, tzinfo=datetime.timezone.utc), datetime.datetime(2024, 9, 9, 21, 44, 38, 106057, tzinfo=datetime.timezone.utc), True, 172); alias=default
(0.001) SELECT "api_upload"."id", "api_upload"."user_id", "api_upload"."video", "api_upload"."processed_video", "api_upload"."status", "api_upload"."uploaded_at", "api_upload"."processed_at", "api_upload"."error_message", "api_upload"."payment_id", "api_upload"."paid" FROM "api_upload" WHERE "api_upload"."id" = 173 LIMIT 21; args=(173,); alias=default
(0.003) UPDATE "api_upload" SET "user_id" = 1, "video" = 'uploads/Oneofmyfav_uSbPWFo.mp4', "processed_video" = 'processed/Oneofmyfav_uSbPWFo/Oneofmyfav_uSbPWFo.mp4', "status" = 'done', "uploaded_at" = '2024-09-09 21:45:11.628201+00:00'::timestamptz, "processed_at" = '2024-09-09 21:45:12.012653+00:00'::timestamptz, "error_message" = NULL, "payment_id" = NULL, "paid" = true WHERE "api_upload"."id" = 173; args=(1, 'uploads/Oneofmyfav_uSbPWFo.mp4', 'processed/Oneofmyfav_uSbPWFo/Oneofmyfav_uSbPWFo.mp4', 'done', datetime.datetime(2024, 9, 9, 21, 45, 11, 628201, tzinfo=datetime.timezone.utc), datetime.datetime(2024, 9, 9, 21, 45, 12, 12653, tzinfo=datetime.timezone.utc), True, 173); alias=default
(0.001) SELECT "api_upload"."id", "api_upload"."user_id", "api_upload"."video", "api_upload"."processed_video", "api_upload"."status", "api_upload"."uploaded_at", "api_upload"."processed_at", "api_upload"."error_message", "api_upload"."payment_id", "api_upload"."paid" FROM "api_upload" WHERE "api_upload"."id" = 174 LIMIT 21; args=(174,); alias=default
(0.002) UPDATE "api_upload" SET "user_id" = 1, "video" = 'uploads/Oneofmyfav_6swrBMX.mp4', "processed_video" = 'processed/Oneofmyfav_6swrBMX/Oneofmyfav_6swrBMX.mp4', "status" = 'done', "uploaded_at" = '2024-09-09 21:47:58.468158+00:00'::timestamptz, "processed_at" = '2024-09-09 21:47:58.866750+00:00'::timestamptz, "error_message" = NULL, "payment_id" = NULL, "paid" = true WHERE "api_upload"."id" = 174; args=(1, 'uploads/Oneofmyfav_6swrBMX.mp4', 'processed/Oneofmyfav_6swrBMX/Oneofmyfav_6swrBMX.mp4', 'done', datetime.datetime(2024, 9, 9, 21, 47, 58, 468158, tzinfo=datetime.timezone.utc), datetime.datetime(2024, 9, 9, 21, 47, 58, 866750, tzinfo=datetime.timezone.utc), True, 174); alias=default
(0.001) SELECT "api_upload"."id", "api_upload"."user_id", "api_upload"."video", "api_upload"."processed_video", "api_upload"."status", "api_upload"."uploaded_at", "api_upload"."processed_at", "api_upload"."error_message", "api_upload"."payment_id", "api_upload"."paid" FROM "api_upload" WHERE "api_upload"."id" = 175 LIMIT 21; args=(175,); alias=default
(0.002) UPDATE "api_upload" SET "user_id" = 1, "video" = 'uploads/Oneofmyfav_groAPCv.mp4', "processed_video" = 'processed/Oneofmyfav_groAPCv/Oneofmyfav_groAPCv.mp4', "status" = 'done', "uploaded_at" = '2024-09-09 21:50:12.711346+00:00'::timestamptz, "processed_at" = '2024-09-09 21:50:13.092316+00:00'::timestamptz, "error_message" = NULL, "payment_id" = NULL, "paid" = true WHERE "api_upload"."id" = 175; args=(1, 'uploads/Oneofmyfav_groAPCv.mp4', 'processed/Oneofmyfav_groAPCv/Oneofmyfav_groAPCv.mp4', 'done', datetime.datetime(2024, 9, 9, 21, 50, 12, 711346, tzinfo=datetime.timezone.utc), datetime.datetime(2024, 9, 9, 21, 50, 13, 92316, tzinfo=datetime.timezone.utc), True, 175); alias=default
(0.001) SELECT "api_upload"."id", "api_upload"."user_id", "api_upload"."video", "api_upload"."processed_video", "api_upload"."status", "api_upload"."uploaded_at", "api_upload"."processed_at", "api_upload"."error_message", "api_upload"."payment_id", "api_upload"."paid" FROM "api_upload" WHERE "api_upload"."id" = 176 LIMIT 21; args=(176,); alias=default
(0.002) UPDATE "api_upload" SET "user_id" = 1, "video" = 'uploads/Oneofmyfav_YnYAHMd.mp4', "processed_video" = 'processed/Oneofmyfav_YnYAHMd/Oneofmyfav_YnYAHMd.mp4', "status" = 'done', "uploaded_at" = '2024-09-09 21:55:29.629637+00:00'::timestamptz, "processed_at" = '2024-09-09 21:55:30.118730+00:00'::timestamptz, "error_message" = NULL, "payment_id" = NULL, "paid" = true WHERE "api_upload"."id" = 176; args=(1, 'uploads/Oneofmyfav_YnYAHMd.mp4', 'processed/Oneofmyfav_YnYAHMd/Oneofmyfav_YnYAHMd.mp4', 'done', datetime.datetime(2024, 9, 9, 21, 55, 29, 629637, tzinfo=datetime.timezone.utc), datetime.datetime(2024, 9, 9, 21, 55, 30, 118730, tzinfo=datetime.timezone.utc), True, 176); alias=default
(0.001) SELECT "api_upload"."id", "api_upload"."user_id", "api_upload"."video", "api_upload"."processed_video", "api_upload"."status", "api_upload"."uploaded_at", "api_upload"."processed_at", "api_upload"."error_message", "api_upload"."payment_id", "api_upload"."paid" FROM "api_upload" WHERE "api_upload"."id" = 177 LIMIT 21; args=(177,); alias=default
(0.002) UPDATE "api_upload" SET "user_id" = 1, "video" = 'uploads/Oneofmyfav_aDLAF6T.mp4', "processed_video" = 'processed/Oneofmyfav_aDLAF6T/Oneofmyfav_aDLAF6T.mp4', "status" = 'done', "uploaded_at" = '2024-09-09 22:06:41.432163+00:00'::timestamptz, "processed_at" = '2024-09-09 22:06:41.828686+00:00'::timestamptz, "error_message" = NULL, "payment_id" = NULL, "paid" = true WHERE "api_upload"."id" = 177; args=(1, 'uploads/Oneofmyfav_aDLAF6T.mp4', 'processed/Oneofmyfav_aDLAF6T/Oneofmyfav_aDLAF6T.mp4', 'done', datetime.datetime(2024, 9, 9, 22, 6, 41, 432163, tzinfo=datetime.timezone.utc), datetime.datetime(2024, 9, 9, 22, 6, 41, 828686, tzinfo=datetime.timezone.utc), True, 177); alias=default
(0.001) SELECT "api_upload"."id", "api_upload"."user_id", "api_upload"."video", "api_upload"."processed_video", "api_upload"."status", "api_upload"."uploaded_at", "api_upload"."processed_at", "api_upload"."error_message", "api_upload"."payment_id", "api_upload"."paid" FROM "api_upload" WHERE "api_upload"."id" = 178 LIMIT 21; args=(178,); alias=default
(0.002) 
            SELECT
                c.relname,
                CASE
                    WHEN c.relispartition THEN 'p'
                    WHEN c.relkind IN ('m', 'v') THEN 'v'
                    ELSE 't'
                END,
                obj_description(c.oid, 'pg_class')
            FROM pg_catalog.pg_class c
            LEFT JOIN pg_catalog.pg_namespace n ON n.oid = c.relnamespace
            WHERE c.relkind IN ('f', 'm', 'p', 'r', 'v')
                AND n.nspname NOT IN ('pg_catalog', 'pg_toast')
                AND pg_catalog.pg_table_is_visible(c.oid)
        ; args=None; alias=default
(0.001) SELECT "django_migrations"."id", "django_migrations"."app", "django_migrations"."name", "django_migrations"."applied" FROM "django_migrations"; args=(); alias=default
(0.002) 
            SELECT
                c.relname,
                CASE
                    WHEN c.relispartition THEN 'p'
                    WHEN c.relkind IN ('m', 'v') THEN 'v'
                    ELSE 't'
                END,
                obj_description(c.oid, 'pg_class')
            FROM pg_catalog.pg_class c
            LEFT JOIN pg_catalog.pg_namespace n ON n.oid = c.relnamespace
            WHERE c.relkind IN ('f', 'm', 'p', 'r', 'v')
                AND n.nspname NOT IN ('pg_catalog', 'pg_toast')
                AND pg_catalog.pg_table_is_visible(c.oid)
        ; args=None; alias=default
(0.001) SELECT "django_migrations"."id", "django_migrations"."app", "django_migrations"."name", "django_migrations"."applied" FROM "django_migrations"; args=(); alias=default
(0.001) 
            SELECT
                c.relname,
                CASE
                    WHEN c.relispartition THEN 'p'
                    WHEN c.relkind IN ('m', 'v') THEN 'v'
                    ELSE 't'
                END,
                obj_description(c.oid, 'pg_class')
            FROM pg_catalog.pg_class c
            LEFT JOIN pg_catalog.pg_namespace n ON n.oid = c.relnamespace
            WHERE c.relkind IN ('f', 'm', 'p', 'r', 'v')
                AND n.nspname NOT IN ('pg_catalog', 'pg_toast')
                AND pg_catalog.pg_table_is_visible(c.oid)
        ; args=None; alias=default
(0.001) SELECT "django_migrations"."id", "django_migrations"."app", "django_migrations"."name", "django_migrations"."applied" FROM "django_migrations"; args=(); alias=default
(0.001) 
            SELECT
                c.relname,
                CASE
                    WHEN c.relispartition THEN 'p'
                    WHEN c.relkind IN ('m', 'v') THEN 'v'
                    ELSE 't'
                END,
                obj_description(c.oid, 'pg_class')
            FROM pg_catalog.pg_class c
            LEFT JOIN pg_catalog.pg_namespace n ON n.oid = c.relnamespace
            WHERE c.relkind IN ('f', 'm', 'p', 'r', 'v')
                AND n.nspname NOT IN ('pg_catalog', 'pg_toast')
                AND pg_catalog.pg_table_is_visible(c.oid)
        ; args=None; alias=default
(0.001) SELECT "django_migrations"."id", "django_migrations"."app", "django_migrations"."name", "django_migrations"."applied" FROM "django_migrations"; args=(); alias=default
(0.001) SELECT "django_content_type"."id", "django_content_type"."app_label", "django_content_type"."model" FROM "django_content_type" WHERE "django_content_type"."app_label" = 'admin'; args=('admin',); alias=default
(0.000) SELECT "django_content_type"."id", "django_content_type"."app_label", "django_content_type"."model" FROM "django_content_type" WHERE ("django_content_type"."app_label" = 'admin' AND "django_content_type"."model" IN ('logentry')); args=('admin', 'logentry'); alias=default
(0.001) SELECT "auth_permission"."content_type_id", "auth_permission"."codename" FROM "auth_permission" INNER JOIN "django_content_type" ON ("auth_permission"."content_type_id" = "django_content_type"."id") WHERE "auth_permission"."content_type_id" IN (1) ORDER BY "django_content_type"."app_label" ASC, "django_content_type"."model" ASC, "auth_permission"."codename" ASC; args=(1,); alias=default
(0.000) SELECT "django_content_type"."id", "django_content_type"."app_label", "django_content_type"."model" FROM "django_content_type" WHERE "django_content_type"."app_label" = 'admin'; args=('admin',); alias=default
(0.000) SELECT "django_content_type"."id", "django_content_type"."app_label", "django_content_type"."model" FROM "django_content_type" WHERE "django_content_type"."app_label" = 'auth'; args=('auth',); alias=default
(0.001) SELECT "django_content_type"."id", "django_content_type"."app_label", "django_content_type"."model" FROM "django_content_type" WHERE ("django_content_type"."app_label" = 'auth' AND "django_content_type"."model" IN ('permission', 'group', 'user')); args=('auth', 'permission', 'group', 'user'); alias=default
(0.001) SELECT "auth_permission"."content_type_id", "auth_permission"."codename" FROM "auth_permission" INNER JOIN "django_content_type" ON ("auth_permission"."content_type_id" = "django_content_type"."id") WHERE "auth_permission"."content_type_id" IN (2, 3, 4) ORDER BY "django_content_type"."app_label" ASC, "django_content_type"."model" ASC, "auth_permission"."codename" ASC; args=(2, 3, 4); alias=default
(0.000) SELECT "django_content_type"."id", "django_content_type"."app_label", "django_content_type"."model" FROM "django_content_type" WHERE "django_content_type"."app_label" = 'auth'; args=('auth',); alias=default
(0.000) SELECT "django_content_type"."id", "django_content_type"."app_label", "django_content_type"."model" FROM "django_content_type" WHERE "django_content_type"."app_label" = 'contenttypes'; args=('contenttypes',); alias=default
(0.000) SELECT "django_content_type"."id", "django_content_type"."app_label", "django_content_type"."model" FROM "django_content_type" WHERE ("django_content_type"."app_label" = 'contenttypes' AND "django_content_type"."model" IN ('contenttype')); args=('contenttypes', 'contenttype'); alias=default
(0.000) SELECT "auth_permission"."content_type_id", "auth_permission"."codename" FROM "auth_permission" INNER JOIN "django_content_type" ON ("auth_permission"."content_type_id" = "django_content_type"."id") WHERE "auth_permission"."content_type_id" IN (5) ORDER BY "django_content_type"."app_label" ASC, "django_content_type"."model" ASC, "auth_permission"."codename" ASC; args=(5,); alias=default
(0.000) SELECT "django_content_type"."id", "django_content_type"."app_label", "django_content_type"."model" FROM "django_content_type" WHERE "django_content_type"."app_label" = 'contenttypes'; args=('contenttypes',); alias=default
(0.000) SELECT "django_content_type"."id", "django_content_type"."app_label", "django_content_type"."model" FROM "django_content_type" WHERE "django_content_type"."app_label" = 'sessions'; args=('sessions',); alias=default
(0.000) SELECT "django_content_type"."id", "django_content_type"."app_label", "django_content_type"."model" FROM "django_content_type" WHERE ("django_content_type"."app_label" = 'sessions' AND "django_content_type"."model" IN ('session')); args=('sessions', 'session'); alias=default
(0.000) SELECT "auth_permission"."content_type_id", "auth_permission"."codename" FROM "auth_permission" INNER JOIN "django_content_type" ON ("auth_permission"."content_type_id" = "django_content_type"."id") WHERE "auth_permission"."content_type_id" IN (6) ORDER BY "django_content_type"."app_label" ASC, "django_content_type"."model" ASC, "auth_permission"."codename" ASC; args=(6,); alias=default
(0.000) SELECT "django_content_type"."id", "django_content_type"."app_label", "django_content_type"."model" FROM "django_content_type" WHERE "django_content_type"."app_label" = 'sessions'; args=('sessions',); alias=default
(0.000) SELECT "django_content_type"."id", "django_content_type"."app_label", "django_content_type"."model" FROM "django_content_type" WHERE "django_content_type"."app_label" = 'rest_framework_simplejwt'; args=('rest_framework_simplejwt',); alias=default
(0.000) SELECT "django_content_type"."id", "django_content_type"."app_label", "django_content_type"."model" FROM "django_content_type" WHERE "django_content_type"."app_label" = 'rest_framework_simplejwt'; args=('rest_framework_simplejwt',); alias=default
(0.000) SELECT "django_content_type"."id", "django_content_type"."app_label", "django_content_type"."model" FROM "django_content_type" WHERE "django_content_type"."app_label" = 'api'; args=('api',); alias=default
(0.001) SELECT "django_content_type"."id", "django_content_type"."app_label", "django_content_type"."model" FROM "django_content_type" WHERE ("django_content_type"."app_label" = 'api' AND "django_content_type"."model" IN ('payment', 'upload', 'request', 'userprofile')); args=('api', 'payment', 'upload', 'request', 'userprofile'); alias=default
(0.001) SELECT "auth_permission"."content_type_id", "auth_permission"."codename" FROM "auth_permission" INNER JOIN "django_content_type" ON ("auth_permission"."content_type_id" = "django_content_type"."id") WHERE "auth_permission"."content_type_id" IN (8, 9, 10, 7) ORDER BY "django_content_type"."app_label" ASC, "django_content_type"."model" ASC, "auth_permission"."codename" ASC; args=(8, 9, 10, 7); alias=default
(0.000) SELECT "django_content_type"."id", "django_content_type"."app_label", "django_content_type"."model" FROM "django_content_type" WHERE "django_content_type"."app_label" = 'api'; args=('api',); alias=default
(0.001) SELECT "api_upload"."id", "api_upload"."user_id", "api_upload"."file", "api_upload"."method", "api_upload"."args", "api_upload"."processed_file", "api_upload"."status", "api_upload"."uploaded_at", "api_upload"."processed_at", "api_upload"."error_message", "api_upload"."payment_id", "api_upload"."paid" FROM "api_upload" WHERE "api_upload"."id" = 179 LIMIT 21; args=(179,); alias=default
(0.002) UPDATE "api_upload" SET "user_id" = 1, "file" = 'uploads/Oneofmyfav_xe14m1S.mp4', "method" = 'text', "args" =  E'"{\\"text\\":\\"dfds\\"}"'::jsonb, "processed_file" = 'processed/Oneofmyfav_xe14m1S/Oneofmyfav_xe14m1S.mp4', "status" = 'done', "uploaded_at" = '2024-09-09 22:18:52.863971+00:00'::timestamptz, "processed_at" = '2024-09-09 22:18:53.259645+00:00'::timestamptz, "error_message" = NULL, "payment_id" = NULL, "paid" = true WHERE "api_upload"."id" = 179; args=(1, 'uploads/Oneofmyfav_xe14m1S.mp4', 'text', Jsonb('{"text":"dfds"}'), 'processed/Oneofmyfav_xe14m1S/Oneofmyfav_xe14m1S.mp4', 'done', datetime.datetime(2024, 9, 9, 22, 18, 52, 863971, tzinfo=datetime.timezone.utc), datetime.datetime(2024, 9, 9, 22, 18, 53, 259645, tzinfo=datetime.timezone.utc), True, 179); alias=default
(0.001) SELECT "api_upload"."id", "api_upload"."user_id", "api_upload"."file", "api_upload"."method", "api_upload"."args", "api_upload"."processed_file", "api_upload"."status", "api_upload"."uploaded_at", "api_upload"."processed_at", "api_upload"."error_message", "api_upload"."payment_id", "api_upload"."paid" FROM "api_upload" WHERE "api_upload"."id" = 180 LIMIT 21; args=(180,); alias=default
(0.002) UPDATE "api_upload" SET "user_id" = 1, "file" = 'uploads/Oneofmyfav_OfnlJcv.mp4', "method" = 'text', "args" =  E'"{\\"text\\":\\"dfd\\"}"'::jsonb, "processed_file" = 'processed/Oneofmyfav_OfnlJcv/Oneofmyfav_OfnlJcv.mp4', "status" = 'done', "uploaded_at" = '2024-09-09 22:20:08.474223+00:00'::timestamptz, "processed_at" = '2024-09-09 22:20:08.870207+00:00'::timestamptz, "error_message" = NULL, "payment_id" = NULL, "paid" = true WHERE "api_upload"."id" = 180; args=(1, 'uploads/Oneofmyfav_OfnlJcv.mp4', 'text', Jsonb('{"text":"dfd"}'), 'processed/Oneofmyfav_OfnlJcv/Oneofmyfav_OfnlJcv.mp4', 'done', datetime.datetime(2024, 9, 9, 22, 20, 8, 474223, tzinfo=datetime.timezone.utc), datetime.datetime(2024, 9, 9, 22, 20, 8, 870207, tzinfo=datetime.timezone.utc), True, 180); alias=default
(0.001) SELECT "api_upload"."id", "api_upload"."user_id", "api_upload"."file", "api_upload"."method", "api_upload"."args", "api_upload"."processed_file", "api_upload"."status", "api_upload"."uploaded_at", "api_upload"."processed_at", "api_upload"."error_message", "api_upload"."payment_id", "api_upload"."paid" FROM "api_upload" WHERE "api_upload"."id" = 181 LIMIT 21; args=(181,); alias=default
(0.002) UPDATE "api_upload" SET "user_id" = 1, "file" = 'uploads/Oneofmyfav_8lgScwi.mp4', "method" = 'text', "args" =  E'"{\\"text\\":\\"dfads\\"}"'::jsonb, "processed_file" = 'processed/Oneofmyfav_8lgScwi/Oneofmyfav_8lgScwi.mp4', "status" = 'done', "uploaded_at" = '2024-09-09 22:20:41.526693+00:00'::timestamptz, "processed_at" = '2024-09-09 22:21:04.500576+00:00'::timestamptz, "error_message" = NULL, "payment_id" = NULL, "paid" = true WHERE "api_upload"."id" = 181; args=(1, 'uploads/Oneofmyfav_8lgScwi.mp4', 'text', Jsonb('{"text":"dfads"}'), 'processed/Oneofmyfav_8lgScwi/Oneofmyfav_8lgScwi.mp4', 'done', datetime.datetime(2024, 9, 9, 22, 20, 41, 526693, tzinfo=datetime.timezone.utc), datetime.datetime(2024, 9, 9, 22, 21, 4, 500576, tzinfo=datetime.timezone.utc), True, 181); alias=default
(0.001) SELECT "api_upload"."id", "api_upload"."user_id", "api_upload"."file", "api_upload"."method", "api_upload"."args", "api_upload"."processed_file", "api_upload"."status", "api_upload"."uploaded_at", "api_upload"."processed_at", "api_upload"."error_message", "api_upload"."payment_id", "api_upload"."paid" FROM "api_upload" WHERE "api_upload"."id" = 182 LIMIT 21; args=(182,); alias=default
(0.002) UPDATE "api_upload" SET "user_id" = 1, "file" = 'uploads/Oneofmyfav_1OY3FcT.mp4', "method" = 'text', "args" =  E'"{\\"text\\":\\"dfd\\"}"'::jsonb, "processed_file" = 'processed/Oneofmyfav_1OY3FcT/Oneofmyfav_1OY3FcT.mp4', "status" = 'done', "uploaded_at" = '2024-09-09 22:21:08.906728+00:00'::timestamptz, "processed_at" = '2024-09-09 22:21:09.305966+00:00'::timestamptz, "error_message" = NULL, "payment_id" = NULL, "paid" = true WHERE "api_upload"."id" = 182; args=(1, 'uploads/Oneofmyfav_1OY3FcT.mp4', 'text', Jsonb('{"text":"dfd"}'), 'processed/Oneofmyfav_1OY3FcT/Oneofmyfav_1OY3FcT.mp4', 'done', datetime.datetime(2024, 9, 9, 22, 21, 8, 906728, tzinfo=datetime.timezone.utc), datetime.datetime(2024, 9, 9, 22, 21, 9, 305966, tzinfo=datetime.timezone.utc), True, 182); alias=default
(0.001) SELECT "api_upload"."id", "api_upload"."user_id", "api_upload"."file", "api_upload"."method", "api_upload"."args", "api_upload"."processed_file", "api_upload"."status", "api_upload"."uploaded_at", "api_upload"."processed_at", "api_upload"."error_message", "api_upload"."payment_id", "api_upload"."paid" FROM "api_upload" WHERE "api_upload"."id" = 183 LIMIT 21; args=(183,); alias=default
(0.002) UPDATE "api_upload" SET "user_id" = 1, "file" = 'uploads/Oneofmyfav_cwaNsT3.mp4', "method" = 'text', "args" =  E'"{\\"text\\":\\"dfas\\"}"'::jsonb, "processed_file" = 'processed/Oneofmyfav_cwaNsT3/Oneofmyfav_cwaNsT3.mp4', "status" = 'done', "uploaded_at" = '2024-09-09 22:21:27.458713+00:00'::timestamptz, "processed_at" = '2024-09-09 22:21:27.818096+00:00'::timestamptz, "error_message" = NULL, "payment_id" = NULL, "paid" = true WHERE "api_upload"."id" = 183; args=(1, 'uploads/Oneofmyfav_cwaNsT3.mp4', 'text', Jsonb('{"text":"dfas"}'), 'processed/Oneofmyfav_cwaNsT3/Oneofmyfav_cwaNsT3.mp4', 'done', datetime.datetime(2024, 9, 9, 22, 21, 27, 458713, tzinfo=datetime.timezone.utc), datetime.datetime(2024, 9, 9, 22, 21, 27, 818096, tzinfo=datetime.timezone.utc), True, 183); alias=default
(0.001) SELECT "api_upload"."id", "api_upload"."user_id", "api_upload"."file", "api_upload"."method", "api_upload"."args", "api_upload"."processed_file", "api_upload"."status", "api_upload"."uploaded_at", "api_upload"."processed_at", "api_upload"."error_message", "api_upload"."payment_id", "api_upload"."paid" FROM "api_upload" WHERE "api_upload"."id" = 184 LIMIT 21; args=(184,); alias=default
(0.002) UPDATE "api_upload" SET "user_id" = 1, "file" = 'uploads/nips_2023.mp4', "method" = 'text', "args" =  E'"{\\"text\\":\\"das\\"}"'::jsonb, "processed_file" = '', "status" = 'failed', "uploaded_at" = '2024-09-09 22:26:26.744788+00:00'::timestamptz, "processed_at" = NULL, "error_message" = NULL, "payment_id" = NULL, "paid" = true WHERE "api_upload"."id" = 184; args=(1, 'uploads/nips_2023.mp4', 'text', Jsonb('{"text":"das"}'), '', 'failed', datetime.datetime(2024, 9, 9, 22, 26, 26, 744788, tzinfo=datetime.timezone.utc), True, 184); alias=default
(0.001) SELECT "api_upload"."id", "api_upload"."user_id", "api_upload"."file", "api_upload"."method", "api_upload"."args", "api_upload"."processed_file", "api_upload"."status", "api_upload"."uploaded_at", "api_upload"."processed_at", "api_upload"."error_message", "api_upload"."payment_id", "api_upload"."paid" FROM "api_upload" WHERE "api_upload"."id" = 185 LIMIT 21; args=(185,); alias=default
(0.002) UPDATE "api_upload" SET "user_id" = 1, "file" = 'uploads/nips_2023_y0quz78.mp4', "method" = 'text', "args" =  E'"{\\"text\\":\\"adda\\"}"'::jsonb, "processed_file" = 'processed/nips_2023_y0quz78/nips_2023_y0quz78.mp4', "status" = 'done', "uploaded_at" = '2024-09-09 22:28:04.977468+00:00'::timestamptz, "processed_at" = '2024-09-09 22:28:05.361234+00:00'::timestamptz, "error_message" = NULL, "payment_id" = NULL, "paid" = true WHERE "api_upload"."id" = 185; args=(1, 'uploads/nips_2023_y0quz78.mp4', 'text', Jsonb('{"text":"adda"}'), 'processed/nips_2023_y0quz78/nips_2023_y0quz78.mp4', 'done', datetime.datetime(2024, 9, 9, 22, 28, 4, 977468, tzinfo=datetime.timezone.utc), datetime.datetime(2024, 9, 9, 22, 28, 5, 361234, tzinfo=datetime.timezone.utc), True, 185); alias=default
(0.001) SELECT "api_upload"."id", "api_upload"."user_id", "api_upload"."file", "api_upload"."method", "api_upload"."args", "api_upload"."processed_file", "api_upload"."status", "api_upload"."uploaded_at", "api_upload"."processed_at", "api_upload"."error_message", "api_upload"."payment_id", "api_upload"."paid" FROM "api_upload" WHERE "api_upload"."id" = 186 LIMIT 21; args=(186,); alias=default
(0.002) UPDATE "api_upload" SET "user_id" = 1, "file" = 'uploads/Oneofmyfav_mtW2jqd.mp4', "method" = 'pick-tab1', "args" = '"{}"'::jsonb, "processed_file" = '', "status" = 'failed', "uploaded_at" = '2024-09-09 22:36:24.678333+00:00'::timestamptz, "processed_at" = NULL, "error_message" = NULL, "payment_id" = NULL, "paid" = true WHERE "api_upload"."id" = 186; args=(1, 'uploads/Oneofmyfav_mtW2jqd.mp4', 'pick-tab1', Jsonb('{}'), '', 'failed', datetime.datetime(2024, 9, 9, 22, 36, 24, 678333, tzinfo=datetime.timezone.utc), True, 186); alias=default
(0.001) SELECT "api_upload"."id", "api_upload"."user_id", "api_upload"."file", "api_upload"."method", "api_upload"."args", "api_upload"."processed_file", "api_upload"."status", "api_upload"."uploaded_at", "api_upload"."processed_at", "api_upload"."error_message", "api_upload"."payment_id", "api_upload"."paid" FROM "api_upload" WHERE "api_upload"."id" = 187 LIMIT 21; args=(187,); alias=default
(0.002) UPDATE "api_upload" SET "user_id" = 1, "file" = 'uploads/Oneofmyfav_HEy5myF.mp4', "method" = 'pick-tab1', "args" =  E'"{\\"points\\":[{\\"x\\":279.63641357421875,\\"y\\":168.32388305664062},{\\"x\\":366.63641357421875,\\"y\\":185.32388305664062},{\\"x\\":152.63641357421875,\\"y\\":183.32388305664062}]}"'::jsonb, "processed_file" = '', "status" = 'failed', "uploaded_at" = '2024-09-09 22:38:32.011273+00:00'::timestamptz, "processed_at" = NULL, "error_message" = NULL, "payment_id" = NULL, "paid" = true WHERE "api_upload"."id" = 187; args=(1, 'uploads/Oneofmyfav_HEy5myF.mp4', 'pick-tab1', Jsonb('{"points":[{"x":279.63641357421875 ... (158 chars)), '', 'failed', datetime.datetime(2024, 9, 9, 22, 38, 32, 11273, tzinfo=datetime.timezone.utc), True, 187); alias=default
(0.001) SELECT "api_upload"."id", "api_upload"."user_id", "api_upload"."file", "api_upload"."method", "api_upload"."args", "api_upload"."processed_file", "api_upload"."status", "api_upload"."uploaded_at", "api_upload"."processed_at", "api_upload"."error_message", "api_upload"."payment_id", "api_upload"."paid" FROM "api_upload" WHERE "api_upload"."id" = 188 LIMIT 21; args=(188,); alias=default
(0.002) UPDATE "api_upload" SET "user_id" = 1, "file" = 'uploads/Oneofmyfav_ZYjlmco.mp4', "method" = 'text', "args" =  E'"{\\"text\\":\\"dss\\"}"'::jsonb, "processed_file" = 'processed/Oneofmyfav_ZYjlmco/Oneofmyfav_ZYjlmco.mp4', "status" = 'done', "uploaded_at" = '2024-09-09 22:38:53.073991+00:00'::timestamptz, "processed_at" = '2024-09-09 22:38:53.480631+00:00'::timestamptz, "error_message" = NULL, "payment_id" = NULL, "paid" = true WHERE "api_upload"."id" = 188; args=(1, 'uploads/Oneofmyfav_ZYjlmco.mp4', 'text', Jsonb('{"text":"dss"}'), 'processed/Oneofmyfav_ZYjlmco/Oneofmyfav_ZYjlmco.mp4', 'done', datetime.datetime(2024, 9, 9, 22, 38, 53, 73991, tzinfo=datetime.timezone.utc), datetime.datetime(2024, 9, 9, 22, 38, 53, 480631, tzinfo=datetime.timezone.utc), True, 188); alias=default
(0.001) SELECT "api_upload"."id", "api_upload"."user_id", "api_upload"."file", "api_upload"."method", "api_upload"."args", "api_upload"."processed_file", "api_upload"."status", "api_upload"."uploaded_at", "api_upload"."processed_at", "api_upload"."error_message", "api_upload"."payment_id", "api_upload"."paid" FROM "api_upload" WHERE "api_upload"."id" = 189 LIMIT 21; args=(189,); alias=default
(0.002) UPDATE "api_upload" SET "user_id" = 1, "file" = 'uploads/Oneofmyfav_ZDgZdky.mp4', "method" = 'text', "args" = '{"text": "sss"}'::jsonb, "processed_file" = '', "status" = 'failed', "uploaded_at" = '2024-09-09 22:45:15.472590+00:00'::timestamptz, "processed_at" = NULL, "error_message" = NULL, "payment_id" = NULL, "paid" = true WHERE "api_upload"."id" = 189; args=(1, 'uploads/Oneofmyfav_ZDgZdky.mp4', 'text', Jsonb({'text': 'sss'}), '', 'failed', datetime.datetime(2024, 9, 9, 22, 45, 15, 472590, tzinfo=datetime.timezone.utc), True, 189); alias=default
(0.001) SELECT "api_upload"."id", "api_upload"."user_id", "api_upload"."file", "api_upload"."method", "api_upload"."args", "api_upload"."processed_file", "api_upload"."status", "api_upload"."uploaded_at", "api_upload"."processed_at", "api_upload"."error_message", "api_upload"."payment_id", "api_upload"."paid" FROM "api_upload" WHERE "api_upload"."id" = 190 LIMIT 21; args=(190,); alias=default
(0.003) UPDATE "api_upload" SET "user_id" = 1, "file" = 'uploads/Oneofmyfav_sd9kjTp.mp4', "method" = 'pick', "args" = '{"points": [{"x": 334, "y": 197}, {"x": 334, "y": 197}, {"x": 198, "y": 186}]}'::jsonb, "processed_file" = 'processed/Oneofmyfav_sd9kjTp/Oneofmyfav_sd9kjTp.mp4', "status" = 'done', "uploaded_at" = '2024-09-09 22:45:26.446876+00:00'::timestamptz, "processed_at" = '2024-09-09 22:45:26.804992+00:00'::timestamptz, "error_message" = NULL, "payment_id" = NULL, "paid" = true WHERE "api_upload"."id" = 190; args=(1, 'uploads/Oneofmyfav_sd9kjTp.mp4', 'pick', Jsonb({'points': [{'x': 334, 'y': 197}, { ... (78 chars)), 'processed/Oneofmyfav_sd9kjTp/Oneofmyfav_sd9kjTp.mp4', 'done', datetime.datetime(2024, 9, 9, 22, 45, 26, 446876, tzinfo=datetime.timezone.utc), datetime.datetime(2024, 9, 9, 22, 45, 26, 804992, tzinfo=datetime.timezone.utc), True, 190); alias=default
(0.001) SELECT "api_upload"."id", "api_upload"."user_id", "api_upload"."file", "api_upload"."method", "api_upload"."args", "api_upload"."processed_file", "api_upload"."status", "api_upload"."uploaded_at", "api_upload"."processed_at", "api_upload"."error_message", "api_upload"."payment_id", "api_upload"."paid" FROM "api_upload" WHERE "api_upload"."id" = 191 LIMIT 21; args=(191,); alias=default
(0.002) UPDATE "api_upload" SET "user_id" = 1, "file" = 'uploads/Oneofmyfav_jSB2dMU.mp4', "method" = 'text', "args" = '{"text": "dds"}'::jsonb, "processed_file" = '', "status" = 'failed', "uploaded_at" = '2024-09-09 22:45:39.064003+00:00'::timestamptz, "processed_at" = NULL, "error_message" = NULL, "payment_id" = NULL, "paid" = true WHERE "api_upload"."id" = 191; args=(1, 'uploads/Oneofmyfav_jSB2dMU.mp4', 'text', Jsonb({'text': 'dds'}), '', 'failed', datetime.datetime(2024, 9, 9, 22, 45, 39, 64003, tzinfo=datetime.timezone.utc), True, 191); alias=default
(0.001) SELECT "api_upload"."id", "api_upload"."user_id", "api_upload"."file", "api_upload"."method", "api_upload"."args", "api_upload"."processed_file", "api_upload"."status", "api_upload"."uploaded_at", "api_upload"."processed_at", "api_upload"."error_message", "api_upload"."payment_id", "api_upload"."paid" FROM "api_upload" WHERE "api_upload"."id" = 192 LIMIT 21; args=(192,); alias=default
(0.002) UPDATE "api_upload" SET "user_id" = 1, "file" = 'uploads/Oneofmyfav_nHbcHgc.mp4', "method" = 'text', "args" = '{"text": "fdds"}'::jsonb, "processed_file" = 'processed/Oneofmyfav_nHbcHgc/Oneofmyfav_nHbcHgc.mp4', "status" = 'done', "uploaded_at" = '2024-09-09 22:46:25.377587+00:00'::timestamptz, "processed_at" = '2024-09-09 22:46:25.786140+00:00'::timestamptz, "error_message" = NULL, "payment_id" = NULL, "paid" = true WHERE "api_upload"."id" = 192; args=(1, 'uploads/Oneofmyfav_nHbcHgc.mp4', 'text', Jsonb({'text': 'fdds'}), 'processed/Oneofmyfav_nHbcHgc/Oneofmyfav_nHbcHgc.mp4', 'done', datetime.datetime(2024, 9, 9, 22, 46, 25, 377587, tzinfo=datetime.timezone.utc), datetime.datetime(2024, 9, 9, 22, 46, 25, 786140, tzinfo=datetime.timezone.utc), True, 192); alias=default
(0.001) SELECT "api_upload"."id", "api_upload"."user_id", "api_upload"."file", "api_upload"."method", "api_upload"."args", "api_upload"."processed_file", "api_upload"."status", "api_upload"."uploaded_at", "api_upload"."processed_at", "api_upload"."error_message", "api_upload"."payment_id", "api_upload"."paid" FROM "api_upload" WHERE "api_upload"."id" = 193 LIMIT 21; args=(193,); alias=default
(0.002) UPDATE "api_upload" SET "user_id" = 1, "file" = 'uploads/Oneofmyfav_k7rwjIU.mp4', "method" = 'human', "args" = '{}'::jsonb, "processed_file" = '', "status" = 'failed', "uploaded_at" = '2024-09-09 22:46:32.112576+00:00'::timestamptz, "processed_at" = NULL, "error_message" = NULL, "payment_id" = NULL, "paid" = true WHERE "api_upload"."id" = 193; args=(1, 'uploads/Oneofmyfav_k7rwjIU.mp4', 'human', Jsonb({}), '', 'failed', datetime.datetime(2024, 9, 9, 22, 46, 32, 112576, tzinfo=datetime.timezone.utc), True, 193); alias=default
(0.001) SELECT "api_upload"."id", "api_upload"."user_id", "api_upload"."file", "api_upload"."method", "api_upload"."args", "api_upload"."processed_file", "api_upload"."status", "api_upload"."uploaded_at", "api_upload"."processed_at", "api_upload"."error_message", "api_upload"."payment_id", "api_upload"."paid" FROM "api_upload" WHERE "api_upload"."id" = 194 LIMIT 21; args=(194,); alias=default
(0.002) UPDATE "api_upload" SET "user_id" = 1, "file" = 'uploads/Oneofmyfav_rUrL46v.mp4', "method" = 'human', "args" = '{}'::jsonb, "processed_file" = 'processed/Oneofmyfav_rUrL46v/Oneofmyfav_rUrL46v.mp4', "status" = 'done', "uploaded_at" = '2024-09-09 22:46:55.200599+00:00'::timestamptz, "processed_at" = '2024-09-09 22:46:55.606801+00:00'::timestamptz, "error_message" = NULL, "payment_id" = NULL, "paid" = true WHERE "api_upload"."id" = 194; args=(1, 'uploads/Oneofmyfav_rUrL46v.mp4', 'human', Jsonb({}), 'processed/Oneofmyfav_rUrL46v/Oneofmyfav_rUrL46v.mp4', 'done', datetime.datetime(2024, 9, 9, 22, 46, 55, 200599, tzinfo=datetime.timezone.utc), datetime.datetime(2024, 9, 9, 22, 46, 55, 606801, tzinfo=datetime.timezone.utc), True, 194); alias=default
(0.001) SELECT "api_upload"."id", "api_upload"."user_id", "api_upload"."file", "api_upload"."method", "api_upload"."args", "api_upload"."processed_file", "api_upload"."status", "api_upload"."uploaded_at", "api_upload"."processed_at", "api_upload"."error_message", "api_upload"."payment_id", "api_upload"."paid" FROM "api_upload" WHERE "api_upload"."id" = 195 LIMIT 21; args=(195,); alias=default
(0.002) UPDATE "api_upload" SET "user_id" = 1, "file" = 'uploads/Oneofmyfav_PAgvnxu.mp4', "method" = 'face', "args" = '{}'::jsonb, "processed_file" = 'processed/Oneofmyfav_PAgvnxu/Oneofmyfav_PAgvnxu.mp4', "status" = 'done', "uploaded_at" = '2024-09-09 22:47:02.569407+00:00'::timestamptz, "processed_at" = '2024-09-09 22:47:02.936715+00:00'::timestamptz, "error_message" = NULL, "payment_id" = NULL, "paid" = true WHERE "api_upload"."id" = 195; args=(1, 'uploads/Oneofmyfav_PAgvnxu.mp4', 'face', Jsonb({}), 'processed/Oneofmyfav_PAgvnxu/Oneofmyfav_PAgvnxu.mp4', 'done', datetime.datetime(2024, 9, 9, 22, 47, 2, 569407, tzinfo=datetime.timezone.utc), datetime.datetime(2024, 9, 9, 22, 47, 2, 936715, tzinfo=datetime.timezone.utc), True, 195); alias=default
(0.001) SELECT "api_upload"."id", "api_upload"."user_id", "api_upload"."file", "api_upload"."method", "api_upload"."args", "api_upload"."processed_file", "api_upload"."status", "api_upload"."uploaded_at", "api_upload"."processed_at", "api_upload"."error_message", "api_upload"."payment_id", "api_upload"."paid" FROM "api_upload" WHERE "api_upload"."id" = 196 LIMIT 21; args=(196,); alias=default
(0.002) UPDATE "api_upload" SET "user_id" = 1, "file" = 'uploads/Oneofmyfav_blYM2HY.mp4', "method" = 'pick', "args" = '{"points": [{"x": 334, "y": 197}, {"x": 334, "y": 197}, {"x": 198, "y": 186}]}'::jsonb, "processed_file" = 'processed/Oneofmyfav_blYM2HY/Oneofmyfav_blYM2HY.mp4', "status" = 'done', "uploaded_at" = '2024-09-09 23:03:05.237170+00:00'::timestamptz, "processed_at" = '2024-09-09 23:03:05.600370+00:00'::timestamptz, "error_message" = NULL, "payment_id" = NULL, "paid" = true WHERE "api_upload"."id" = 196; args=(1, 'uploads/Oneofmyfav_blYM2HY.mp4', 'pick', Jsonb({'points': [{'x': 334, 'y': 197}, { ... (78 chars)), 'processed/Oneofmyfav_blYM2HY/Oneofmyfav_blYM2HY.mp4', 'done', datetime.datetime(2024, 9, 9, 23, 3, 5, 237170, tzinfo=datetime.timezone.utc), datetime.datetime(2024, 9, 9, 23, 3, 5, 600370, tzinfo=datetime.timezone.utc), True, 196); alias=default
(0.001) SELECT "api_upload"."id", "api_upload"."user_id", "api_upload"."file", "api_upload"."method", "api_upload"."args", "api_upload"."processed_file", "api_upload"."status", "api_upload"."uploaded_at", "api_upload"."processed_at", "api_upload"."error_message", "api_upload"."payment_id", "api_upload"."paid" FROM "api_upload" WHERE "api_upload"."id" = 197 LIMIT 21; args=(197,); alias=default
(0.002) UPDATE "api_upload" SET "user_id" = 1, "file" = 'uploads/Oneofmyfav_g4JHWZv.mp4', "method" = 'pick', "args" = '{"points": [{"x": 164, "y": 192}, {"x": 445, "y": 190}, {"x": 212, "y": 90}]}'::jsonb, "processed_file" = 'processed/Oneofmyfav_g4JHWZv/Oneofmyfav_g4JHWZv.mp4', "status" = 'done', "uploaded_at" = '2024-09-09 23:05:42.304435+00:00'::timestamptz, "processed_at" = '2024-09-09 23:05:42.704708+00:00'::timestamptz, "error_message" = NULL, "payment_id" = NULL, "paid" = true WHERE "api_upload"."id" = 197; args=(1, 'uploads/Oneofmyfav_g4JHWZv.mp4', 'pick', Jsonb({'points': [{'x': 164, 'y': 192}, { ... (77 chars)), 'processed/Oneofmyfav_g4JHWZv/Oneofmyfav_g4JHWZv.mp4', 'done', datetime.datetime(2024, 9, 9, 23, 5, 42, 304435, tzinfo=datetime.timezone.utc), datetime.datetime(2024, 9, 9, 23, 5, 42, 704708, tzinfo=datetime.timezone.utc), True, 197); alias=default
(0.001) SELECT "api_upload"."id", "api_upload"."user_id", "api_upload"."file", "api_upload"."method", "api_upload"."args", "api_upload"."processed_file", "api_upload"."status", "api_upload"."uploaded_at", "api_upload"."processed_at", "api_upload"."error_message", "api_upload"."payment_id", "api_upload"."paid" FROM "api_upload" WHERE "api_upload"."id" = 198 LIMIT 21; args=(198,); alias=default
(0.002) UPDATE "api_upload" SET "user_id" = 1, "file" = 'uploads/Oneofmyfav_gaLJ9ji.mp4', "method" = 'pick', "args" = '{"points": [{"x": 324.5, "y": 246}, {"x": 151.5, "y": 186}, {"x": 512.5, "y": 139}]}'::jsonb, "processed_file" = 'processed/Oneofmyfav_gaLJ9ji/Oneofmyfav_gaLJ9ji.mp4', "status" = 'done', "uploaded_at" = '2024-09-10 11:19:21.855784+00:00'::timestamptz, "processed_at" = '2024-09-10 11:19:22.252642+00:00'::timestamptz, "error_message" = NULL, "payment_id" = NULL, "paid" = true WHERE "api_upload"."id" = 198; args=(1, 'uploads/Oneofmyfav_gaLJ9ji.mp4', 'pick', Jsonb({'points': [{'x': 324.5, 'y': 246}, ... (84 chars)), 'processed/Oneofmyfav_gaLJ9ji/Oneofmyfav_gaLJ9ji.mp4', 'done', datetime.datetime(2024, 9, 10, 11, 19, 21, 855784, tzinfo=datetime.timezone.utc), datetime.datetime(2024, 9, 10, 11, 19, 22, 252642, tzinfo=datetime.timezone.utc), True, 198); alias=default
(0.001) SELECT "api_upload"."id", "api_upload"."user_id", "api_upload"."file", "api_upload"."method", "api_upload"."args", "api_upload"."processed_file", "api_upload"."status", "api_upload"."uploaded_at", "api_upload"."processed_at", "api_upload"."error_message", "api_upload"."payment_id", "api_upload"."paid" FROM "api_upload" WHERE "api_upload"."id" = 199 LIMIT 21; args=(199,); alias=default
(0.002) UPDATE "api_upload" SET "user_id" = 1, "file" = 'uploads/Oneofmyfav_rh6WJJk.mp4', "method" = 'pick', "args" = '{"points": [{"x": 279.63641357421875, "y": 168.32388305664062}, {"x": 366.63641357421875, "y": 185.32388305664062}, {"x": 152.63641357421875, "y": 183.32388305664062}]}'::jsonb, "processed_file" = 'processed/Oneofmyfav_rh6WJJk/Oneofmyfav_rh6WJJk.mp4', "status" = 'done', "uploaded_at" = '2024-09-10 11:19:45.309008+00:00'::timestamptz, "processed_at" = '2024-09-10 11:19:45.661434+00:00'::timestamptz, "error_message" = NULL, "payment_id" = NULL, "paid" = true WHERE "api_upload"."id" = 199; args=(1, 'uploads/Oneofmyfav_rh6WJJk.mp4', 'pick', Jsonb({'points': [{'x': 279.6364135742187 ... (168 chars)), 'processed/Oneofmyfav_rh6WJJk/Oneofmyfav_rh6WJJk.mp4', 'done', datetime.datetime(2024, 9, 10, 11, 19, 45, 309008, tzinfo=datetime.timezone.utc), datetime.datetime(2024, 9, 10, 11, 19, 45, 661434, tzinfo=datetime.timezone.utc), True, 199); alias=default
(0.001) SELECT "api_upload"."id", "api_upload"."user_id", "api_upload"."file", "api_upload"."method", "api_upload"."args", "api_upload"."processed_file", "api_upload"."status", "api_upload"."uploaded_at", "api_upload"."processed_at", "api_upload"."error_message", "api_upload"."payment_id", "api_upload"."paid" FROM "api_upload" WHERE "api_upload"."id" = 200 LIMIT 21; args=(200,); alias=default
(0.002) UPDATE "api_upload" SET "user_id" = 1, "file" = 'uploads/Oneofmyfav_5ntB6s3.mp4', "method" = 'pick', "args" = '{"frame": 0, "points": [{"x": 161.5454559326172, "y": 132.32955932617188}, {"x": 462.5454559326172, "y": 177.32955932617188}, {"x": 156.5454559326172, "y": 151.32955932617188}]}'::jsonb, "processed_file" = 'processed/Oneofmyfav_5ntB6s3/Oneofmyfav_5ntB6s3.mp4', "status" = 'done', "uploaded_at" = '2024-09-10 11:20:47.137241+00:00'::timestamptz, "processed_at" = '2024-09-10 11:20:47.489073+00:00'::timestamptz, "error_message" = NULL, "payment_id" = NULL, "paid" = true WHERE "api_upload"."id" = 200; args=(1, 'uploads/Oneofmyfav_5ntB6s3.mp4', 'pick', Jsonb({'frame': 0, 'points': [{'x': 161.5 ... (177 chars)), 'processed/Oneofmyfav_5ntB6s3/Oneofmyfav_5ntB6s3.mp4', 'done', datetime.datetime(2024, 9, 10, 11, 20, 47, 137241, tzinfo=datetime.timezone.utc), datetime.datetime(2024, 9, 10, 11, 20, 47, 489073, tzinfo=datetime.timezone.utc), True, 200); alias=default
(0.001) SELECT "api_upload"."id", "api_upload"."user_id", "api_upload"."file", "api_upload"."method", "api_upload"."args", "api_upload"."processed_file", "api_upload"."status", "api_upload"."uploaded_at", "api_upload"."processed_at", "api_upload"."error_message", "api_upload"."payment_id", "api_upload"."paid" FROM "api_upload" WHERE "api_upload"."id" = 201 LIMIT 21; args=(201,); alias=default
(0.002) UPDATE "api_upload" SET "user_id" = 1, "file" = 'uploads/Oneofmyfav_NbDisph.mp4', "method" = 'human', "args" = '{"single": true}'::jsonb, "processed_file" = 'processed/Oneofmyfav_NbDisph/Oneofmyfav_NbDisph.mp4', "status" = 'done', "uploaded_at" = '2024-09-10 11:22:37.240318+00:00'::timestamptz, "processed_at" = '2024-09-10 11:22:37.631158+00:00'::timestamptz, "error_message" = NULL, "payment_id" = NULL, "paid" = true WHERE "api_upload"."id" = 201; args=(1, 'uploads/Oneofmyfav_NbDisph.mp4', 'human', Jsonb({'single': True}), 'processed/Oneofmyfav_NbDisph/Oneofmyfav_NbDisph.mp4', 'done', datetime.datetime(2024, 9, 10, 11, 22, 37, 240318, tzinfo=datetime.timezone.utc), datetime.datetime(2024, 9, 10, 11, 22, 37, 631158, tzinfo=datetime.timezone.utc), True, 201); alias=default
(0.001) SELECT "api_upload"."id", "api_upload"."user_id", "api_upload"."file", "api_upload"."method", "api_upload"."args", "api_upload"."processed_file", "api_upload"."status", "api_upload"."uploaded_at", "api_upload"."processed_at", "api_upload"."error_message", "api_upload"."payment_id", "api_upload"."paid" FROM "api_upload" WHERE "api_upload"."id" = 202 LIMIT 21; args=(202,); alias=default
(0.002) UPDATE "api_upload" SET "user_id" = 1, "file" = 'uploads/Oneofmyfav_TFxsXW2.mp4', "method" = 'face', "args" = '{"face": true, "neck": false, "single": true}'::jsonb, "processed_file" = 'processed/Oneofmyfav_TFxsXW2/Oneofmyfav_TFxsXW2.mp4', "status" = 'done', "uploaded_at" = '2024-09-10 11:22:45.902478+00:00'::timestamptz, "processed_at" = '2024-09-10 11:22:46.307855+00:00'::timestamptz, "error_message" = NULL, "payment_id" = NULL, "paid" = true WHERE "api_upload"."id" = 202; args=(1, 'uploads/Oneofmyfav_TFxsXW2.mp4', 'face', Jsonb({'face': True, 'neck': False, 'sing ... (45 chars)), 'processed/Oneofmyfav_TFxsXW2/Oneofmyfav_TFxsXW2.mp4', 'done', datetime.datetime(2024, 9, 10, 11, 22, 45, 902478, tzinfo=datetime.timezone.utc), datetime.datetime(2024, 9, 10, 11, 22, 46, 307855, tzinfo=datetime.timezone.utc), True, 202); alias=default
(0.001) SELECT "api_upload"."id", "api_upload"."user_id", "api_upload"."file", "api_upload"."method", "api_upload"."args", "api_upload"."processed_file", "api_upload"."status", "api_upload"."uploaded_at", "api_upload"."processed_at", "api_upload"."error_message", "api_upload"."payment_id", "api_upload"."paid" FROM "api_upload" WHERE "api_upload"."id" = 203 LIMIT 21; args=(203,); alias=default
(0.002) UPDATE "api_upload" SET "user_id" = 1, "file" = 'uploads/Oneofmyfav_WAagDrW.mp4', "method" = 'human', "args" = '{"single": false}'::jsonb, "processed_file" = 'processed/Oneofmyfav_WAagDrW/Oneofmyfav_WAagDrW.mp4', "status" = 'done', "uploaded_at" = '2024-09-10 11:28:31.417221+00:00'::timestamptz, "processed_at" = '2024-09-10 11:28:31.744334+00:00'::timestamptz, "error_message" = NULL, "payment_id" = NULL, "paid" = true WHERE "api_upload"."id" = 203; args=(1, 'uploads/Oneofmyfav_WAagDrW.mp4', 'human', Jsonb({'single': False}), 'processed/Oneofmyfav_WAagDrW/Oneofmyfav_WAagDrW.mp4', 'done', datetime.datetime(2024, 9, 10, 11, 28, 31, 417221, tzinfo=datetime.timezone.utc), datetime.datetime(2024, 9, 10, 11, 28, 31, 744334, tzinfo=datetime.timezone.utc), True, 203); alias=default
(0.001) SELECT "api_upload"."id", "api_upload"."user_id", "api_upload"."file", "api_upload"."method", "api_upload"."args", "api_upload"."processed_file", "api_upload"."status", "api_upload"."uploaded_at", "api_upload"."processed_at", "api_upload"."error_message", "api_upload"."payment_id", "api_upload"."paid" FROM "api_upload" WHERE "api_upload"."id" = 204 LIMIT 21; args=(204,); alias=default
(0.002) UPDATE "api_upload" SET "user_id" = 1, "file" = 'uploads/Oneofmyfav_WMXnBq7.mp4', "method" = 'face', "args" = '{"neck": false, "single": true}'::jsonb, "processed_file" = 'processed/Oneofmyfav_WMXnBq7/Oneofmyfav_WMXnBq7.mp4', "status" = 'done', "uploaded_at" = '2024-09-10 11:30:50.100606+00:00'::timestamptz, "processed_at" = '2024-09-10 11:30:50.446748+00:00'::timestamptz, "error_message" = NULL, "payment_id" = NULL, "paid" = true WHERE "api_upload"."id" = 204; args=(1, 'uploads/Oneofmyfav_WMXnBq7.mp4', 'face', Jsonb({'neck': False, 'single': True}), 'processed/Oneofmyfav_WMXnBq7/Oneofmyfav_WMXnBq7.mp4', 'done', datetime.datetime(2024, 9, 10, 11, 30, 50, 100606, tzinfo=datetime.timezone.utc), datetime.datetime(2024, 9, 10, 11, 30, 50, 446748, tzinfo=datetime.timezone.utc), True, 204); alias=default
(0.001) SELECT "api_upload"."id", "api_upload"."user_id", "api_upload"."file", "api_upload"."method", "api_upload"."args", "api_upload"."processed_file", "api_upload"."status", "api_upload"."uploaded_at", "api_upload"."processed_at", "api_upload"."error_message", "api_upload"."payment_id", "api_upload"."paid" FROM "api_upload" WHERE "api_upload"."id" = 205 LIMIT 21; args=(205,); alias=default
(0.002) UPDATE "api_upload" SET "user_id" = 1, "file" = 'uploads/Oneofmyfav_rMVNIHV.mp4', "method" = 'human', "args" = '{"single": false}'::jsonb, "processed_file" = 'processed/Oneofmyfav_rMVNIHV/Oneofmyfav_rMVNIHV.mp4', "status" = 'done', "uploaded_at" = '2024-09-10 11:45:39.854616+00:00'::timestamptz, "processed_at" = '2024-09-10 11:45:40.250481+00:00'::timestamptz, "error_message" = NULL, "payment_id" = NULL, "paid" = true WHERE "api_upload"."id" = 205; args=(1, 'uploads/Oneofmyfav_rMVNIHV.mp4', 'human', Jsonb({'single': False}), 'processed/Oneofmyfav_rMVNIHV/Oneofmyfav_rMVNIHV.mp4', 'done', datetime.datetime(2024, 9, 10, 11, 45, 39, 854616, tzinfo=datetime.timezone.utc), datetime.datetime(2024, 9, 10, 11, 45, 40, 250481, tzinfo=datetime.timezone.utc), True, 205); alias=default
(0.001) SELECT "api_upload"."id", "api_upload"."user_id", "api_upload"."file", "api_upload"."method", "api_upload"."args", "api_upload"."processed_file", "api_upload"."status", "api_upload"."uploaded_at", "api_upload"."processed_at", "api_upload"."error_message", "api_upload"."payment_id", "api_upload"."paid" FROM "api_upload" WHERE "api_upload"."id" = 206 LIMIT 21; args=(206,); alias=default
(0.002) UPDATE "api_upload" SET "user_id" = 1, "file" = 'uploads/Oneofmyfav_7kPjksv.mp4', "method" = 'face', "args" = '{"neck": true, "single": false}'::jsonb, "processed_file" = 'processed/Oneofmyfav_7kPjksv/Oneofmyfav_7kPjksv.mp4', "status" = 'done', "uploaded_at" = '2024-09-10 11:47:38.558272+00:00'::timestamptz, "processed_at" = '2024-09-10 11:47:38.945389+00:00'::timestamptz, "error_message" = NULL, "payment_id" = NULL, "paid" = true WHERE "api_upload"."id" = 206; args=(1, 'uploads/Oneofmyfav_7kPjksv.mp4', 'face', Jsonb({'neck': True, 'single': False}), 'processed/Oneofmyfav_7kPjksv/Oneofmyfav_7kPjksv.mp4', 'done', datetime.datetime(2024, 9, 10, 11, 47, 38, 558272, tzinfo=datetime.timezone.utc), datetime.datetime(2024, 9, 10, 11, 47, 38, 945389, tzinfo=datetime.timezone.utc), True, 206); alias=default
(0.001) SELECT "api_upload"."id", "api_upload"."user_id", "api_upload"."file", "api_upload"."method", "api_upload"."args", "api_upload"."processed_file", "api_upload"."status", "api_upload"."uploaded_at", "api_upload"."processed_at", "api_upload"."error_message", "api_upload"."payment_id", "api_upload"."paid" FROM "api_upload" WHERE "api_upload"."id" = 207 LIMIT 21; args=(207,); alias=default
(0.002) UPDATE "api_upload" SET "user_id" = 1, "file" = 'uploads/Oneofmyfav_SJ0gLEN.mp4', "method" = 'face', "args" = '{"neck": false, "single": true}'::jsonb, "processed_file" = '', "status" = 'failed', "uploaded_at" = '2024-09-10 12:08:40.092438+00:00'::timestamptz, "processed_at" = NULL, "error_message" = NULL, "payment_id" = NULL, "paid" = true WHERE "api_upload"."id" = 207; args=(1, 'uploads/Oneofmyfav_SJ0gLEN.mp4', 'face', Jsonb({'neck': False, 'single': True}), '', 'failed', datetime.datetime(2024, 9, 10, 12, 8, 40, 92438, tzinfo=datetime.timezone.utc), True, 207); alias=default
(0.001) SELECT "api_upload"."id", "api_upload"."user_id", "api_upload"."file", "api_upload"."method", "api_upload"."args", "api_upload"."processed_file", "api_upload"."status", "api_upload"."uploaded_at", "api_upload"."processed_at", "api_upload"."error_message", "api_upload"."payment_id", "api_upload"."paid" FROM "api_upload" WHERE "api_upload"."id" = 208 LIMIT 21; args=(208,); alias=default
(0.003) UPDATE "api_upload" SET "user_id" = 1, "file" = 'uploads/Oneofmyfav_6mxzpt4.mp4', "method" = 'face', "args" = '{"neck": false, "single": true}'::jsonb, "processed_file" = 'processed/Oneofmyfav_6mxzpt4/Oneofmyfav_6mxzpt4.mp4', "status" = 'done', "uploaded_at" = '2024-09-10 12:10:54.775200+00:00'::timestamptz, "processed_at" = '2024-09-10 12:10:55.164545+00:00'::timestamptz, "error_message" = NULL, "payment_id" = NULL, "paid" = true WHERE "api_upload"."id" = 208; args=(1, 'uploads/Oneofmyfav_6mxzpt4.mp4', 'face', Jsonb({'neck': False, 'single': True}), 'processed/Oneofmyfav_6mxzpt4/Oneofmyfav_6mxzpt4.mp4', 'done', datetime.datetime(2024, 9, 10, 12, 10, 54, 775200, tzinfo=datetime.timezone.utc), datetime.datetime(2024, 9, 10, 12, 10, 55, 164545, tzinfo=datetime.timezone.utc), True, 208); alias=default
(0.001) SELECT "api_upload"."id", "api_upload"."user_id", "api_upload"."file", "api_upload"."method", "api_upload"."args", "api_upload"."processed_file", "api_upload"."status", "api_upload"."uploaded_at", "api_upload"."processed_at", "api_upload"."error_message", "api_upload"."payment_id", "api_upload"."paid" FROM "api_upload" WHERE "api_upload"."id" = 209 LIMIT 21; args=(209,); alias=default
{"single": true, "neck": false}
(0.003) UPDATE "api_upload" SET "user_id" = 1, "file" = 'uploads/Oneofmyfav_BetW20L.mp4', "method" = 'face', "args" = '{"neck": false, "single": true}'::jsonb, "processed_file" = 'processed/Oneofmyfav_BetW20L/Oneofmyfav_BetW20L.mp4', "status" = 'done', "uploaded_at" = '2024-09-10 12:13:24.616503+00:00'::timestamptz, "processed_at" = '2024-09-10 12:13:25.102227+00:00'::timestamptz, "error_message" = NULL, "payment_id" = NULL, "paid" = true WHERE "api_upload"."id" = 209; args=(1, 'uploads/Oneofmyfav_BetW20L.mp4', 'face', Jsonb({'neck': False, 'single': True}), 'processed/Oneofmyfav_BetW20L/Oneofmyfav_BetW20L.mp4', 'done', datetime.datetime(2024, 9, 10, 12, 13, 24, 616503, tzinfo=datetime.timezone.utc), datetime.datetime(2024, 9, 10, 12, 13, 25, 102227, tzinfo=datetime.timezone.utc), True, 209); alias=default
(0.001) SELECT "api_upload"."id", "api_upload"."user_id", "api_upload"."file", "api_upload"."method", "api_upload"."args", "api_upload"."processed_file", "api_upload"."status", "api_upload"."uploaded_at", "api_upload"."processed_at", "api_upload"."error_message", "api_upload"."payment_id", "api_upload"."paid" FROM "api_upload" WHERE "api_upload"."id" = 210 LIMIT 21; args=(210,); alias=default
Running celery task for upload ID 210, using method face with args {"single": true, "neck": false}
(0.002) UPDATE "api_upload" SET "user_id" = 1, "file" = 'uploads/Oneofmyfav_YXNW69k.mp4', "method" = 'face', "args" = '{"neck": false, "single": true}'::jsonb, "processed_file" = 'processed/Oneofmyfav_YXNW69k/Oneofmyfav_YXNW69k.mp4', "status" = 'done', "uploaded_at" = '2024-09-10 12:15:31.253389+00:00'::timestamptz, "processed_at" = '2024-09-10 12:15:31.643955+00:00'::timestamptz, "error_message" = NULL, "payment_id" = NULL, "paid" = true WHERE "api_upload"."id" = 210; args=(1, 'uploads/Oneofmyfav_YXNW69k.mp4', 'face', Jsonb({'neck': False, 'single': True}), 'processed/Oneofmyfav_YXNW69k/Oneofmyfav_YXNW69k.mp4', 'done', datetime.datetime(2024, 9, 10, 12, 15, 31, 253389, tzinfo=datetime.timezone.utc), datetime.datetime(2024, 9, 10, 12, 15, 31, 643955, tzinfo=datetime.timezone.utc), True, 210); alias=default
(0.001) SELECT "api_upload"."id", "api_upload"."user_id", "api_upload"."file", "api_upload"."method", "api_upload"."args", "api_upload"."processed_file", "api_upload"."status", "api_upload"."uploaded_at", "api_upload"."processed_at", "api_upload"."error_message", "api_upload"."payment_id", "api_upload"."paid" FROM "api_upload" WHERE "api_upload"."id" = 211 LIMIT 21; args=(211,); alias=default
Running celery task for upload ID 211, using method human with args {"single": false}
(0.003) UPDATE "api_upload" SET "user_id" = 1, "file" = 'uploads/Oneofmyfav_FM4jRLR.mp4', "method" = 'human', "args" = '{"single": false}'::jsonb, "processed_file" = 'processed/Oneofmyfav_FM4jRLR/Oneofmyfav_FM4jRLR.mp4', "status" = 'done', "uploaded_at" = '2024-09-10 14:48:43.301289+00:00'::timestamptz, "processed_at" = '2024-09-10 14:48:43.692657+00:00'::timestamptz, "error_message" = NULL, "payment_id" = NULL, "paid" = true WHERE "api_upload"."id" = 211; args=(1, 'uploads/Oneofmyfav_FM4jRLR.mp4', 'human', Jsonb({'single': False}), 'processed/Oneofmyfav_FM4jRLR/Oneofmyfav_FM4jRLR.mp4', 'done', datetime.datetime(2024, 9, 10, 14, 48, 43, 301289, tzinfo=datetime.timezone.utc), datetime.datetime(2024, 9, 10, 14, 48, 43, 692657, tzinfo=datetime.timezone.utc), True, 211); alias=default
(0.001) SELECT "api_upload"."id", "api_upload"."user_id", "api_upload"."file", "api_upload"."method", "api_upload"."args", "api_upload"."processed_file", "api_upload"."status", "api_upload"."uploaded_at", "api_upload"."processed_at", "api_upload"."error_message", "api_upload"."payment_id", "api_upload"."paid" FROM "api_upload" WHERE "api_upload"."id" = 212 LIMIT 21; args=(212,); alias=default
Running celery task for upload ID 212, using method text with args {"text": "df"}
(0.002) UPDATE "api_upload" SET "user_id" = 1, "file" = 'uploads/Oneofmyfav_l6o8W89.mp4', "method" = 'text', "args" = '{"text": "df"}'::jsonb, "processed_file" = 'processed/Oneofmyfav_l6o8W89/Oneofmyfav_l6o8W89.mp4', "status" = 'done', "uploaded_at" = '2024-09-10 14:59:28.917088+00:00'::timestamptz, "processed_at" = '2024-09-10 14:59:29.307707+00:00'::timestamptz, "error_message" = NULL, "payment_id" = NULL, "paid" = true WHERE "api_upload"."id" = 212; args=(1, 'uploads/Oneofmyfav_l6o8W89.mp4', 'text', Jsonb({'text': 'df'}), 'processed/Oneofmyfav_l6o8W89/Oneofmyfav_l6o8W89.mp4', 'done', datetime.datetime(2024, 9, 10, 14, 59, 28, 917088, tzinfo=datetime.timezone.utc), datetime.datetime(2024, 9, 10, 14, 59, 29, 307707, tzinfo=datetime.timezone.utc), True, 212); alias=default
(0.001) SELECT "api_upload"."id", "api_upload"."user_id", "api_upload"."file", "api_upload"."method", "api_upload"."args", "api_upload"."processed_file", "api_upload"."status", "api_upload"."uploaded_at", "api_upload"."processed_at", "api_upload"."error_message", "api_upload"."payment_id", "api_upload"."paid" FROM "api_upload" WHERE "api_upload"."id" = 213 LIMIT 21; args=(213,); alias=default
Running celery task for upload ID 213, using method text with args {"text": "Dada "}
(0.003) UPDATE "api_upload" SET "user_id" = 1, "file" = 'uploads/74767372294__2807ACBE-D7B0-411C-9DA8-EE45E162AB3D.MOV', "method" = 'text', "args" = '{"text": "Dada "}'::jsonb, "processed_file" = 'processed/74767372294__2807ACBE-D7B0-411C-9DA8-EE45E162AB3D/74767372294__2807ACBE-D7B0-411C-9DA8-EE45E162AB3D.MOV', "status" = 'done', "uploaded_at" = '2024-09-10 15:08:59.776451+00:00'::timestamptz, "processed_at" = '2024-09-10 15:09:00.144445+00:00'::timestamptz, "error_message" = NULL, "payment_id" = NULL, "paid" = true WHERE "api_upload"."id" = 213; args=(1, 'uploads/74767372294__2807ACBE-D7B0-411C-9DA8-EE45E162AB3D.MOV', 'text', Jsonb({'text': 'Dada '}), 'processed/74767372294__2807ACBE-D7B0-411C-9DA8-EE45E162AB3D/74767372294__2807ACBE-D7B0-411C-9DA8-EE45E162AB3D.MOV', 'done', datetime.datetime(2024, 9, 10, 15, 8, 59, 776451, tzinfo=datetime.timezone.utc), datetime.datetime(2024, 9, 10, 15, 9, 0, 144445, tzinfo=datetime.timezone.utc), True, 213); alias=default
(0.001) SELECT "api_upload"."id", "api_upload"."user_id", "api_upload"."file", "api_upload"."method", "api_upload"."args", "api_upload"."processed_file", "api_upload"."status", "api_upload"."uploaded_at", "api_upload"."processed_at", "api_upload"."error_message", "api_upload"."payment_id", "api_upload"."paid" FROM "api_upload" WHERE "api_upload"."id" = 214 LIMIT 21; args=(214,); alias=default
Running celery task for upload ID 214, using method face with args {"single": true, "neck": false}
(0.002) UPDATE "api_upload" SET "user_id" = 1, "file" = 'uploads/05123981-22A6-4C62-96D4-22DF1FF71A70.mp4', "method" = 'face', "args" = '{"neck": false, "single": true}'::jsonb, "processed_file" = 'processed/05123981-22A6-4C62-96D4-22DF1FF71A70/05123981-22A6-4C62-96D4-22DF1FF71A70.mp4', "status" = 'done', "uploaded_at" = '2024-09-10 15:09:41.207926+00:00'::timestamptz, "processed_at" = '2024-09-10 15:09:41.582900+00:00'::timestamptz, "error_message" = NULL, "payment_id" = NULL, "paid" = true WHERE "api_upload"."id" = 214; args=(1, 'uploads/05123981-22A6-4C62-96D4-22DF1FF71A70.mp4', 'face', Jsonb({'neck': False, 'single': True}), 'processed/05123981-22A6-4C62-96D4-22DF1FF71A70/05123981-22A6-4C62-96D4-22DF1FF71A70.mp4', 'done', datetime.datetime(2024, 9, 10, 15, 9, 41, 207926, tzinfo=datetime.timezone.utc), datetime.datetime(2024, 9, 10, 15, 9, 41, 582900, tzinfo=datetime.timezone.utc), True, 214); alias=default
(0.001) SELECT "api_upload"."id", "api_upload"."user_id", "api_upload"."file", "api_upload"."method", "api_upload"."args", "api_upload"."processed_file", "api_upload"."status", "api_upload"."uploaded_at", "api_upload"."processed_at", "api_upload"."error_message", "api_upload"."payment_id", "api_upload"."paid" FROM "api_upload" WHERE "api_upload"."id" = 215 LIMIT 21; args=(215,); alias=default
Running celery task for upload ID 215, using method face with args {"single": true, "neck": false}
(0.003) UPDATE "api_upload" SET "user_id" = 1, "file" = 'uploads/05123981-22A6-4C62-96D4-22DF1FF71A70_LwkxPuJ.mp4', "method" = 'face', "args" = '{"neck": false, "single": true}'::jsonb, "processed_file" = 'processed/05123981-22A6-4C62-96D4-22DF1FF71A70_LwkxPuJ/05123981-22A6-4C62-96D4-22DF1FF71A70_LwkxPuJ.mp4', "status" = 'done', "uploaded_at" = '2024-09-10 15:12:05.737708+00:00'::timestamptz, "processed_at" = '2024-09-10 15:12:06.124132+00:00'::timestamptz, "error_message" = NULL, "payment_id" = NULL, "paid" = true WHERE "api_upload"."id" = 215; args=(1, 'uploads/05123981-22A6-4C62-96D4-22DF1FF71A70_LwkxPuJ.mp4', 'face', Jsonb({'neck': False, 'single': True}), 'processed/05123981-22A6-4C62-96D4-22DF1FF71A70_LwkxPuJ/05123981-22A6-4C62-96D4-22DF1FF71A70_LwkxPuJ.mp4', 'done', datetime.datetime(2024, 9, 10, 15, 12, 5, 737708, tzinfo=datetime.timezone.utc), datetime.datetime(2024, 9, 10, 15, 12, 6, 124132, tzinfo=datetime.timezone.utc), True, 215); alias=default
(0.001) SELECT "api_upload"."id", "api_upload"."user_id", "api_upload"."file", "api_upload"."method", "api_upload"."args", "api_upload"."processed_file", "api_upload"."status", "api_upload"."uploaded_at", "api_upload"."processed_at", "api_upload"."error_message", "api_upload"."payment_id", "api_upload"."paid" FROM "api_upload" WHERE "api_upload"."id" = 216 LIMIT 21; args=(216,); alias=default
Running celery task for upload ID 216, using method face with args {"single": true, "neck": false}
(0.003) UPDATE "api_upload" SET "user_id" = 1, "file" = 'uploads/05123981-22A6-4C62-96D4-22DF1FF71A70_0NxVfAy.mp4', "method" = 'face', "args" = '{"neck": false, "single": true}'::jsonb, "processed_file" = 'processed/05123981-22A6-4C62-96D4-22DF1FF71A70_0NxVfAy/05123981-22A6-4C62-96D4-22DF1FF71A70_0NxVfAy.mp4', "status" = 'done', "uploaded_at" = '2024-09-10 15:39:51.878046+00:00'::timestamptz, "processed_at" = '2024-09-10 15:39:52.296509+00:00'::timestamptz, "error_message" = NULL, "payment_id" = NULL, "paid" = true WHERE "api_upload"."id" = 216; args=(1, 'uploads/05123981-22A6-4C62-96D4-22DF1FF71A70_0NxVfAy.mp4', 'face', Jsonb({'neck': False, 'single': True}), 'processed/05123981-22A6-4C62-96D4-22DF1FF71A70_0NxVfAy/05123981-22A6-4C62-96D4-22DF1FF71A70_0NxVfAy.mp4', 'done', datetime.datetime(2024, 9, 10, 15, 39, 51, 878046, tzinfo=datetime.timezone.utc), datetime.datetime(2024, 9, 10, 15, 39, 52, 296509, tzinfo=datetime.timezone.utc), True, 216); alias=default
(0.001) SELECT "api_upload"."id", "api_upload"."user_id", "api_upload"."file", "api_upload"."method", "api_upload"."args", "api_upload"."processed_file", "api_upload"."status", "api_upload"."uploaded_at", "api_upload"."processed_at", "api_upload"."error_message", "api_upload"."payment_id", "api_upload"."paid" FROM "api_upload" WHERE "api_upload"."id" = 217 LIMIT 21; args=(217,); alias=default
Running celery task for upload ID 217, using method face with args {"single": true, "neck": false}
(0.002) UPDATE "api_upload" SET "user_id" = 1, "file" = 'uploads/RPReplay_Final1724885783.mp4', "method" = 'face', "args" = '{"neck": false, "single": true}'::jsonb, "processed_file" = 'processed/RPReplay_Final1724885783/RPReplay_Final1724885783.mp4', "status" = 'done', "uploaded_at" = '2024-09-10 15:43:32.537645+00:00'::timestamptz, "processed_at" = '2024-09-10 15:43:32.926539+00:00'::timestamptz, "error_message" = NULL, "payment_id" = NULL, "paid" = true WHERE "api_upload"."id" = 217; args=(1, 'uploads/RPReplay_Final1724885783.mp4', 'face', Jsonb({'neck': False, 'single': True}), 'processed/RPReplay_Final1724885783/RPReplay_Final1724885783.mp4', 'done', datetime.datetime(2024, 9, 10, 15, 43, 32, 537645, tzinfo=datetime.timezone.utc), datetime.datetime(2024, 9, 10, 15, 43, 32, 926539, tzinfo=datetime.timezone.utc), True, 217); alias=default
(0.001) SELECT "api_upload"."id", "api_upload"."user_id", "api_upload"."file", "api_upload"."method", "api_upload"."args", "api_upload"."processed_file", "api_upload"."status", "api_upload"."uploaded_at", "api_upload"."processed_at", "api_upload"."error_message", "api_upload"."payment_id", "api_upload"."paid" FROM "api_upload" WHERE "api_upload"."id" = 218 LIMIT 21; args=(218,); alias=default
Running celery task for upload ID 218, using method face with args {"single": true, "neck": false}
(0.003) UPDATE "api_upload" SET "user_id" = 1, "file" = 'uploads/Oneofmyfav.mp4', "method" = 'face', "args" = '{"neck": false, "single": true}'::jsonb, "processed_file" = '', "status" = 'failed', "uploaded_at" = '2024-09-10 16:12:47.556162+00:00'::timestamptz, "processed_at" = NULL, "error_message" = NULL, "payment_id" = NULL, "paid" = true WHERE "api_upload"."id" = 218; args=(1, 'uploads/Oneofmyfav.mp4', 'face', Jsonb({'neck': False, 'single': True}), '', 'failed', datetime.datetime(2024, 9, 10, 16, 12, 47, 556162, tzinfo=datetime.timezone.utc), True, 218); alias=default
(0.001) SELECT "api_upload"."id", "api_upload"."user_id", "api_upload"."file", "api_upload"."method", "api_upload"."args", "api_upload"."processed_file", "api_upload"."status", "api_upload"."uploaded_at", "api_upload"."processed_at", "api_upload"."error_message", "api_upload"."payment_id", "api_upload"."paid" FROM "api_upload" WHERE "api_upload"."id" = 219 LIMIT 21; args=(219,); alias=default
Running celery task for upload ID 219, using method face with args {"single": true, "neck": false}
(0.003) UPDATE "api_upload" SET "user_id" = 1, "file" = 'uploads/Oneofmyfav_v0g0ef3.mp4', "method" = 'face', "args" = '{"neck": false, "single": true}'::jsonb, "processed_file" = '', "status" = 'failed', "uploaded_at" = '2024-09-10 16:13:08.039072+00:00'::timestamptz, "processed_at" = NULL, "error_message" = NULL, "payment_id" = NULL, "paid" = true WHERE "api_upload"."id" = 219; args=(1, 'uploads/Oneofmyfav_v0g0ef3.mp4', 'face', Jsonb({'neck': False, 'single': True}), '', 'failed', datetime.datetime(2024, 9, 10, 16, 13, 8, 39072, tzinfo=datetime.timezone.utc), True, 219); alias=default
(0.001) SELECT "api_upload"."id", "api_upload"."user_id", "api_upload"."file", "api_upload"."method", "api_upload"."args", "api_upload"."processed_file", "api_upload"."status", "api_upload"."uploaded_at", "api_upload"."processed_at", "api_upload"."error_message", "api_upload"."payment_id", "api_upload"."paid" FROM "api_upload" WHERE "api_upload"."id" = 220 LIMIT 21; args=(220,); alias=default
Running celery task for upload ID 220, using method face with args {"single": true, "neck": false}
(0.003) UPDATE "api_upload" SET "user_id" = 1, "file" = 'uploads/Oneofmyfav_lo95M6j.mp4', "method" = 'face', "args" = '{"neck": false, "single": true}'::jsonb, "processed_file" = 'processed/Oneofmyfav_lo95M6j/Oneofmyfav_lo95M6j.mp4', "status" = 'done', "uploaded_at" = '2024-09-10 16:13:28.578602+00:00'::timestamptz, "processed_at" = '2024-09-10 16:13:28.922877+00:00'::timestamptz, "error_message" = NULL, "payment_id" = NULL, "paid" = true WHERE "api_upload"."id" = 220; args=(1, 'uploads/Oneofmyfav_lo95M6j.mp4', 'face', Jsonb({'neck': False, 'single': True}), 'processed/Oneofmyfav_lo95M6j/Oneofmyfav_lo95M6j.mp4', 'done', datetime.datetime(2024, 9, 10, 16, 13, 28, 578602, tzinfo=datetime.timezone.utc), datetime.datetime(2024, 9, 10, 16, 13, 28, 922877, tzinfo=datetime.timezone.utc), True, 220); alias=default
(0.001) SELECT "api_upload"."id", "api_upload"."user_id", "api_upload"."file", "api_upload"."method", "api_upload"."args", "api_upload"."processed_file", "api_upload"."status", "api_upload"."uploaded_at", "api_upload"."processed_at", "api_upload"."error_message", "api_upload"."payment_id", "api_upload"."paid" FROM "api_upload" WHERE "api_upload"."id" = 221 LIMIT 21; args=(221,); alias=default
Running celery task for upload ID 221, using method face with args {"single": true, "neck": false}
(0.005) UPDATE "api_upload" SET "user_id" = 1, "file" = 'uploads/74767991553__D557435E-0D58-4400-910D-78C84603B71D.MOV', "method" = 'face', "args" = '{"neck": false, "single": true}'::jsonb, "processed_file" = 'processed/74767991553__D557435E-0D58-4400-910D-78C84603B71D/74767991553__D557435E-0D58-4400-910D-78C84603B71D.MOV', "status" = 'done', "uploaded_at" = '2024-09-10 16:53:26.863499+00:00'::timestamptz, "processed_at" = '2024-09-10 16:53:28.707973+00:00'::timestamptz, "error_message" = NULL, "payment_id" = NULL, "paid" = true WHERE "api_upload"."id" = 221; args=(1, 'uploads/74767991553__D557435E-0D58-4400-910D-78C84603B71D.MOV', 'face', Jsonb({'neck': False, 'single': True}), 'processed/74767991553__D557435E-0D58-4400-910D-78C84603B71D/74767991553__D557435E-0D58-4400-910D-78C84603B71D.MOV', 'done', datetime.datetime(2024, 9, 10, 16, 53, 26, 863499, tzinfo=datetime.timezone.utc), datetime.datetime(2024, 9, 10, 16, 53, 28, 707973, tzinfo=datetime.timezone.utc), True, 221); alias=default
